<?xml version="1.0" encoding="UTF-8"?>
<testng-results ignored="0" total="1" passed="1" failed="0" skipped="0">
  <reporter-output>
  </reporter-output>
  <suite started-at="2020-07-21T07:46:58Z" name="Default suite" finished-at="2020-07-21T07:48:06Z" duration-ms="68605">
    <groups>
      <group name="Cucumber_Reports">
        <method signature="Runner_UOBLogin.feature(cucumber.api.testng.CucumberFeatureWrapper)[pri:0, instance:RunnerFiles.Runner_UOBLogin@5386659f]" name="feature" class="RunnerFiles.Runner_UOBLogin"/>
      </group> <!-- Cucumber_Reports -->
    </groups>
    <test started-at="2020-07-21T07:46:58Z" name="Default test" finished-at="2020-07-21T07:48:06Z" duration-ms="68605">
      <class name="RunnerFiles.Runner_UOBLogin">
        <test-method is-config="true" signature="setUpClass()[pri:0, instance:RunnerFiles.Runner_UOBLogin@5386659f]" started-at="2020-07-21T13:16:58Z" name="setUpClass" finished-at="2020-07-21T13:16:58Z" duration-ms="197" status="PASS">
          <reporter-output>
          </reporter-output>
        </test-method> <!-- setUpClass -->
        <test-method is-config="true" signature="initialization()[pri:0, instance:RunnerFiles.Runner_UOBLogin@5386659f]" started-at="2020-07-21T13:16:58Z" name="initialization" finished-at="2020-07-21T13:17:13Z" duration-ms="14845" status="PASS">
          <reporter-output>
          </reporter-output>
        </test-method> <!-- initialization -->
        <test-method signature="feature(cucumber.api.testng.CucumberFeatureWrapper)[pri:0, instance:RunnerFiles.Runner_UOBLogin@5386659f]" started-at="2020-07-21T13:17:13Z" name="feature" description="Login to UOB" data-provider="features" finished-at="2020-07-21T13:18:05Z" duration-ms="52782" status="PASS">
          <params>
            <param index="0">
              <value>
                <![CDATA[Login to UOB]]>
              </value>
            </param>
          </params>
          <reporter-output>
          </reporter-output>
        </test-method> <!-- feature -->
        <test-method is-config="true" signature="getMethodName(org.testng.ITestResult)[pri:0, instance:RunnerFiles.Runner_UOBLogin@5386659f]" started-at="2020-07-21T13:18:05Z" name="getMethodName" finished-at="2020-07-21T13:18:05Z" duration-ms="2" status="PASS">
          <params>
            <param index="0">
              <value>
                <![CDATA[[TestResult name=feature status=SUCCESS method=Runner_UOBLogin.feature(cucumber.api.testng.CucumberFeatureWrapper)[pri:0, instance:RunnerFiles.Runner_UOBLogin@5386659f] output={null}]]]>
              </value>
            </param>
          </params>
          <reporter-output>
          </reporter-output>
        </test-method> <!-- getMethodName -->
        <test-method is-config="true" signature="tearDownClass()[pri:0, instance:RunnerFiles.Runner_UOBLogin@5386659f]" started-at="2020-07-21T13:18:05Z" name="tearDownClass" finished-at="2020-07-21T13:18:06Z" duration-ms="691" status="PASS">
          <reporter-output>
          </reporter-output>
        </test-method> <!-- tearDownClass -->
        <test-method is-config="true" signature="closeBrowser()[pri:0, instance:RunnerFiles.Runner_UOBLogin@5386659f]" started-at="2020-07-21T13:18:06Z" name="closeBrowser" finished-at="2020-07-21T13:18:06Z" duration-ms="12" status="PASS">
          <reporter-output>
          </reporter-output>
        </test-method> <!-- closeBrowser -->
      </class> <!-- RunnerFiles.Runner_UOBLogin -->
    </test> <!-- Default test -->
  </suite> <!-- Default suite -->
</testng-results>
